#
# There is insufficient memory for the Java Runtime Environment to continue.
# Native memory allocation (malloc) failed to allocate 681216 bytes for Chunk::new
# Possible reasons:
#   The system is out of physical RAM or swap space
#   In 32 bit mode, the process size limit was hit
# Possible solutions:
#   Reduce memory load on the system
#   Increase physical memory or swap space
#   Check if swap backing store is full
#   Use 64 bit Java on a 64 bit OS
#   Decrease Java heap size (-Xmx/-Xms)
#   Decrease number of Java threads
#   Decrease Java thread stack sizes (-Xss)
#   Set larger code cache with -XX:ReservedCodeCacheSize=
# This output file may be truncated or incomplete.
#
#  Out of Memory Error (allocation.cpp:323), pid=8280, tid=212
#
# JRE version: Java(TM) SE Runtime Environment (7.0_79-b15) (build 1.7.0_79-b15)
# Java VM: Java HotSpot(TM) 64-Bit Server VM (24.79-b02 mixed mode windows-amd64 compressed oops)
# Failed to write core dump. Minidumps are not enabled by default on client versions of Windows
#

---------------  T H R E A D  ---------------

Current thread (0x000000000aee1000):  JavaThread "C2 CompilerThread0" daemon [_thread_in_native, id=212, stack(0x000000000b4c0000,0x000000000b5c0000)]

Stack: [0x000000000b4c0000,0x000000000b5c0000]
[error occurred during error reporting (printing stack bounds), id 0xc0000005]


[error occurred during error reporting (printing native stack), id 0xc0000005]


Current CompileTask:
C2:   4021  200             com.android.dx.ssa.SsaRenamer$BlockRenamer::process (191 bytes)


---------------  P R O C E S S  ---------------

Java Threads: ( => current thread )
  0x000000000b158000 JavaThread "pool-1-thread-4" [_thread_in_Java, id=4044, stack(0x000000000bcc0000,0x000000000bdc0000)]
  0x000000000b157800 JavaThread "pool-1-thread-3" [_thread_in_Java, id=7856, stack(0x000000000bbc0000,0x000000000bcc0000)]
  0x000000000b166800 JavaThread "pool-1-thread-2" [_thread_in_Java, id=8524, stack(0x000000000bac0000,0x000000000bbc0000)]
  0x000000000b151000 JavaThread "pool-2-thread-1" [_thread_blocked, id=9364, stack(0x000000000b9c0000,0x000000000bac0000)]
  0x000000000b192800 JavaThread "pool-1-thread-1" [_thread_in_Java, id=10224, stack(0x000000000b8c0000,0x000000000b9c0000)]
  0x0000000002aba000 JavaThread "Service Thread" daemon [_thread_blocked, id=4072, stack(0x000000000b6c0000,0x000000000b7c0000)]
  0x0000000002ab7000 JavaThread "C2 CompilerThread1" daemon [_thread_in_native, id=5276, stack(0x000000000b5c0000,0x000000000b6c0000)]
=>0x000000000aee1000 JavaThread "C2 CompilerThread0" daemon [_thread_in_native, id=212, stack(0x000000000b4c0000,0x000000000b5c0000)]
  0x0000000002aad000 JavaThread "Attach Listener" daemon [_thread_blocked, id=9856, stack(0x000000000b3c0000,0x000000000b4c0000)]
  0x000000000aee0800 JavaThread "Signal Dispatcher" daemon [_thread_blocked, id=1604, stack(0x000000000b2c0000,0x000000000b3c0000)]
  0x0000000008de1000 JavaThread "Finalizer" daemon [_thread_blocked, id=4796, stack(0x000000000adc0000,0x000000000aec0000)]
  0x0000000008dda800 JavaThread "Reference Handler" daemon [_thread_blocked, id=1084, stack(0x000000000acc0000,0x000000000adc0000)]
  0x00000000029c1000 JavaThread "main" [_thread_in_Java, id=2352, stack(0x00000000028a0000,0x00000000029a0000)]

Other Threads:
  0x0000000008dd5800 VMThread [stack: 0x000000000abc0000,0x000000000acc0000] [id=8436]
  0x0000000002abe000 WatcherThread [stack: 0x000000000b7c0000,0x000000000b8c0000] [id=7268]

VM state:not at safepoint (normal execution)

VM Mutex/Monitor currently owned by a thread: None

Heap
 PSYoungGen      total 38400K, used 7434K [0x00000000eaa80000, 0x00000000ed500000, 0x0000000100000000)
  eden space 33280K, 6% used [0x00000000eaa80000,0x00000000eacc4dd0,0x00000000ecb00000)
  from space 5120K, 99% used [0x00000000ecb00000,0x00000000ecffdde8,0x00000000ed000000)
  to   space 5120K, 0% used [0x00000000ed000000,0x00000000ed000000,0x00000000ed500000)
 ParOldGen       total 86528K, used 2346K [0x00000000c0000000, 0x00000000c5480000, 0x00000000eaa80000)
  object space 86528K, 2% used [0x00000000c0000000,0x00000000c024ab28,0x00000000c5480000)
 PSPermGen       total 21504K, used 5751K [0x00000000bae00000, 0x00000000bc300000, 0x00000000c0000000)
  object space 21504K, 26% used [0x00000000bae00000,0x00000000bb39dd08,0x00000000bc300000)

Card table byte_map: [0x0000000005ba0000,0x0000000005dd0000] byte_map_base: 0x00000000055c9000

Polling page: 0x0000000000e40000

Code Cache  [0x0000000002ba0000, 0x0000000002e10000, 0x0000000005ba0000)
 total_blobs=443 nmethods=206 adapters=189 free_code_cache=48320Kb largest_free_block=49449280

Compilation events (10 events):
Event: 3.675 Thread 0x0000000002ab7000 nmethod 201 0x0000000002c6a1d0 code [0x0000000002c6a300, 0x0000000002c6a358]
Event: 3.675 Thread 0x0000000002ab7000  202             java.util.HashMap::<init> (119 bytes)
Event: 3.676 Thread 0x0000000002ab7000 nmethod 202 0x0000000002c56750 code [0x0000000002c568a0, 0x0000000002c56998]
Event: 3.676 Thread 0x0000000002ab7000  203             java.util.HashMap::init (1 bytes)
Event: 3.677 Thread 0x0000000002ab7000 nmethod 203 0x0000000002c56550 code [0x0000000002c56680, 0x0000000002c566d8]
Event: 3.677 Thread 0x0000000002ab7000  204             com.android.dx.ssa.SsaMethod$2::addToUses (48 bytes)
Event: 4.014 Thread 0x0000000002ab7000 nmethod 204 0x0000000002c6b210 code [0x0000000002c6b3c0, 0x0000000002c6bb98]
Event: 4.014 Thread 0x0000000002ab7000  205             java.util.ArrayList$SubList::checkForComodification (23 bytes)
Event: 4.015 Thread 0x0000000002ab7000 nmethod 205 0x0000000002c6afd0 code [0x0000000002c6b100, 0x0000000002c6b178]
Event: 4.015 Thread 0x0000000002ab7000  206   !         com.android.dx.rop.code.BasicBlock::<init> (273 bytes)

GC Heap History (2 events):
Event: 3.842 GC heap before
{Heap before GC invocations=1 (full 0):
 PSYoungGen      total 38400K, used 33280K [0x00000000eaa80000, 0x00000000ed500000, 0x0000000100000000)
  eden space 33280K, 100% used [0x00000000eaa80000,0x00000000ecb00000,0x00000000ecb00000)
  from space 5120K, 0% used [0x00000000ed000000,0x00000000ed000000,0x00000000ed500000)
  to   space 5120K, 0% used [0x00000000ecb00000,0x00000000ecb00000,0x00000000ed000000)
 ParOldGen       total 86528K, used 0K [0x00000000c0000000, 0x00000000c5480000, 0x00000000eaa80000)
  object space 86528K, 0% used [0x00000000c0000000,0x00000000c0000000,0x00000000c5480000)
 PSPermGen       total 21504K, used 5746K [0x00000000bae00000, 0x00000000bc300000, 0x00000000c0000000)
  object space 21504K, 26% used [0x00000000bae00000,0x00000000bb39cbd8,0x00000000bc300000)
Event: 4.013 GC heap after
Heap after GC invocations=1 (full 0):
 PSYoungGen      total 38400K, used 5111K [0x00000000eaa80000, 0x00000000ed500000, 0x0000000100000000)
  eden space 33280K, 0% used [0x00000000eaa80000,0x00000000eaa80000,0x00000000ecb00000)
  from space 5120K, 99% used [0x00000000ecb00000,0x00000000ecffdde8,0x00000000ed000000)
  to   space 5120K, 0% used [0x00000000ed000000,0x00000000ed000000,0x00000000ed500000)
 ParOldGen       total 86528K, used 2346K [0x00000000c0000000, 0x00000000c5480000, 0x00000000eaa80000)
  object space 86528K, 2% used [0x00000000c0000000,0x00000000c024ab28,0x00000000c5480000)
 PSPermGen       total 21504K, used 5746K [0x00000000bae00000, 0x00000000bc300000, 0x00000000c0000000)
  object space 21504K, 26% used [0x00000000bae00000,0x00000000bb39cbd8,0x00000000bc300000)
}

Deoptimization events (5 events):
Event: 2.316 Thread 0x00000000029c1000 Uncommon trap: reason=null_check action=make_not_entrant pc=0x0000000002c22aec method=com.android.dx.rop.code.LocalItem.equals(Ljava/lang/Object;)Z @ 1
Event: 3.462 Thread 0x00000000029c1000 Uncommon trap: reason=null_check action=make_not_entrant pc=0x0000000002c42b74 method=com.android.dx.rop.type.Type.putIntern(Lcom/android/dx/rop/type/Type;)Lcom/android/dx/rop/type/Type; @ 18
Event: 3.479 Thread 0x000000000b158000 Uncommon trap: reason=null_check action=make_not_entrant pc=0x0000000002c50850 method=com.android.dx.rop.type.Type.equals(Ljava/lang/Object;)Z @ 8
Event: 3.511 Thread 0x000000000b157800 Uncommon trap: reason=null_check action=make_not_entrant pc=0x0000000002c58ee8 method=com.android.dx.ssa.SsaRenamer.getLocalForNewReg(I)Lcom/android/dx/rop/code/LocalItem; @ 19
Event: 4.015 Thread 0x000000000b157800 Uncommon trap: reason=unreached action=reinterpret pc=0x0000000002c74b38 method=com.android.dx.ssa.SCCP.simulateBranch(Lcom/android/dx/ssa/SsaInsn;)V @ 132

Internal exceptions (10 events):
Event: 2.115 Thread 0x000000000b192800 Threw 0x00000000eb19b5e8 at C:\re\jdk7u79\2331\hotspot\src\share\vm\prims\jvm.cpp:1304
Event: 2.315 Thread 0x00000000029c1000 Implicit null exception at 0x0000000002c227a8 to 0x0000000002c22ad9
Event: 2.363 Thread 0x000000000b157800 Threw 0x00000000eb77e438 at C:\re\jdk7u79\2331\hotspot\src\share\vm\prims\jvm.cpp:1304
Event: 2.368 Thread 0x000000000b157800 Threw 0x00000000eb78c810 at C:\re\jdk7u79\2331\hotspot\src\share\vm\prims\jvm.cpp:1304
Event: 3.204 Thread 0x00000000029c1000 Threw 0x00000000ebdfa2b8 at C:\re\jdk7u79\2331\hotspot\src\share\vm\prims\jvm.cpp:1304
Event: 3.461 Thread 0x00000000029c1000 Threw 0x00000000ebfeda38 at C:\re\jdk7u79\2331\hotspot\src\share\vm\prims\jvm.cpp:1304
Event: 3.462 Thread 0x00000000029c1000 Implicit null exception at 0x0000000002c42487 to 0x0000000002c42b65
Event: 3.479 Thread 0x000000000b158000 Implicit null exception at 0x0000000002c50752 to 0x0000000002c50842
Event: 3.494 Thread 0x00000000029c1000 Threw 0x00000000ec45d5c8 at C:\re\jdk7u79\2331\hotspot\src\share\vm\prims\jvm.cpp:1304
Event: 3.511 Thread 0x000000000b157800 Implicit null exception at 0x0000000002c57b18 to 0x0000000002c58eb9

Events (10 events):
Event: 3.494 loading class 0x000000000af18020
Event: 3.494 loading class 0x000000000af18020 done
Event: 3.511 Thread 0x000000000b157800 Uncommon trap: trap_request=0xfffffff4 fr.pc=0x0000000002c58ee8
Event: 3.511 Thread 0x000000000b157800 DEOPT PACKING pc=0x0000000002c58ee8 sp=0x000000000bcbeea0
Event: 3.511 Thread 0x000000000b157800 DEOPT UNPACKING pc=0x0000000002bd75a4 sp=0x000000000bcbec38 mode 2
Event: 3.842 Executing VM operation: ParallelGCFailedAllocation
Event: 4.013 Executing VM operation: ParallelGCFailedAllocation done
Event: 4.015 Thread 0x000000000b157800 Uncommon trap: trap_request=0xffffffad fr.pc=0x0000000002c74b38
Event: 4.015 Thread 0x000000000b157800 DEOPT PACKING pc=0x0000000002c74b38 sp=0x000000000bcbee50
Event: 4.015 Thread 0x000000000b157800 DEOPT UNPACKING pc=0x0000000002bd75a4 sp=0x000000000bcbede8 mode 2


Dynamic libraries:
0x00007ff792980000 - 0x00007ff7929b3000 	C:\Program Files\Java\jdk1.7.0_79\bin\java.exe
0x00007ff988930000 - 0x00007ff988af1000 	C:\WINDOWS\SYSTEM32\ntdll.dll
0x00007ff987ea0000 - 0x00007ff987f4d000 	C:\WINDOWS\system32\KERNEL32.DLL
0x00007ff985a80000 - 0x00007ff985c5d000 	C:\WINDOWS\system32\KERNELBASE.dll
0x00007ff9882c0000 - 0x00007ff988366000 	C:\WINDOWS\system32\ADVAPI32.dll
0x00007ff9880d0000 - 0x00007ff98816d000 	C:\WINDOWS\system32\msvcrt.dll
0x00007ff986000000 - 0x00007ff98605b000 	C:\WINDOWS\system32\sechost.dll
0x00007ff988430000 - 0x00007ff988556000 	C:\WINDOWS\system32\RPCRT4.dll
0x00007ff986060000 - 0x00007ff9861ae000 	C:\WINDOWS\system32\USER32.dll
0x00007ff987c50000 - 0x00007ff987dd6000 	C:\WINDOWS\system32\GDI32.dll
0x00007ff982460000 - 0x00007ff9826d4000 	C:\WINDOWS\WinSxS\amd64_microsoft.windows.common-controls_6595b64144ccf1df_6.0.10240.16384_none_f41f7b285750ef43\COMCTL32.dll
0x00007ff987b90000 - 0x00007ff987bc6000 	C:\WINDOWS\system32\IMM32.DLL
0x00007ff987f50000 - 0x00007ff9880ac000 	C:\WINDOWS\system32\MSCTF.dll
0x00000000711d0000 - 0x00000000712a2000 	C:\Program Files\Java\jdk1.7.0_79\jre\bin\msvcr100.dll
0x00000000717f0000 - 0x0000000071fc5000 	C:\Program Files\Java\jdk1.7.0_79\jre\bin\server\jvm.dll
0x00007ff987bd0000 - 0x00007ff987bd8000 	C:\WINDOWS\system32\PSAPI.DLL
0x00007ff981fa0000 - 0x00007ff981fa9000 	C:\WINDOWS\SYSTEM32\WSOCK32.dll
0x00007ff987b10000 - 0x00007ff987b79000 	C:\WINDOWS\system32\WS2_32.dll
0x00007ff988560000 - 0x00007ff988568000 	C:\WINDOWS\system32\NSI.dll
0x00007ff9835e0000 - 0x00007ff983603000 	C:\WINDOWS\SYSTEM32\WINMM.dll
0x00007ff9835b0000 - 0x00007ff9835dc000 	C:\WINDOWS\SYSTEM32\WINMMBASE.dll
0x00007ff985a30000 - 0x00007ff985a74000 	C:\WINDOWS\system32\cfgmgr32.dll
0x00007ff983c30000 - 0x00007ff983c57000 	C:\WINDOWS\SYSTEM32\DEVOBJ.dll
0x00000000717e0000 - 0x00000000717ef000 	C:\Program Files\Java\jdk1.7.0_79\jre\bin\verify.dll
0x00000000717b0000 - 0x00000000717d8000 	C:\Program Files\Java\jdk1.7.0_79\jre\bin\java.dll
0x0000000071790000 - 0x00000000717a5000 	C:\Program Files\Java\jdk1.7.0_79\jre\bin\zip.dll
0x0000000071770000 - 0x000000007178a000 	C:\Program Files\Java\jdk1.7.0_79\jre\bin\net.dll
0x00007ff984b70000 - 0x00007ff984bcd000 	C:\WINDOWS\system32\mswsock.dll
0x0000000071750000 - 0x0000000071761000 	C:\Program Files\Java\jdk1.7.0_79\jre\bin\nio.dll

VM Arguments:
jvm_args: -Xmx1024M -Dfile.encoding=windows-1252 -Duser.country=GB -Duser.language=en -Duser.variant 
java_command: com.android.dx.command.Main --dex --num-threads=4 --output F:\Data\Dropbox\AndroidStudioWorkspace\Test\jijo_driver\build\intermediates\pre-dexed\alpha\debug\classes-adc0835dcfa20324a667ebaeebf6b5259e1c236b.jar F:\Data\Dropbox\AndroidStudioWorkspace\Test\jijo_driver\build\intermediates\exploded-aar\com.android.support\appcompat-v7\23.1.0\jars\classes.jar
Launcher Type: SUN_STANDARD

Environment Variables:
PATH=C:\Program Files (x86)\HP SimplePass\x64;C:\Program Files (x86)\HP SimplePass\;C:\WINDOWS\system32;C:\WINDOWS;C:\WINDOWS\System32\Wbem;C:\WINDOWS\System32\WindowsPowerShell\v1.0\;C:\Program Files (x86)\ATI Technologies\ATI.ACE\Core-Static;C:\Program Files (x86)\AMD\ATI.ACE\Core-Static;C:\Program Files (x86)\Skype\Phone\;C:\Program Files (x86)\Windows Live\Shared
USERNAME=ctemkar
OS=Windows_NT
PROCESSOR_IDENTIFIER=Intel64 Family 6 Model 42 Stepping 7, GenuineIntel



---------------  S Y S T E M  ---------------

OS: Windows 8.1 , 64 bit Build 9600 

CPU:total 8 (4 cores per cpu, 2 threads per core) family 6 model 42 stepping 7, cmov, cx8, fxsr, mmx, sse, sse2, sse3, ssse3, sse4.1, sse4.2, popcnt, avx, aes, ht, tsc, tscinvbit

Memory: 4k page, physical 8335212k(1239536k free), swap 10954740k(5024k free)

vm_info: Java HotSpot(TM) 64-Bit Server VM (24.79-b02) for windows-amd64 JRE (1.7.0_79-b15), built on Apr 10 2015 12:36:16 by "java_re" with unknown MS VC++:1600

time: Sun Nov 01 23:03:14 2015
elapsed time: 4 seconds

