#
# There is insufficient memory for the Java Runtime Environment to continue.
# Native memory allocation (malloc) failed to allocate 1465696 bytes for Chunk::new
# Possible reasons:
#   The system is out of physical RAM or swap space
#   In 32 bit mode, the process size limit was hit
# Possible solutions:
#   Reduce memory load on the system
#   Increase physical memory or swap space
#   Check if swap backing store is full
#   Use 64 bit Java on a 64 bit OS
#   Decrease Java heap size (-Xmx/-Xms)
#   Decrease number of Java threads
#   Decrease Java thread stack sizes (-Xss)
#   Set larger code cache with -XX:ReservedCodeCacheSize=
# This output file may be truncated or incomplete.
#
#  Out of Memory Error (allocation.cpp:323), pid=7624, tid=3268
#
# JRE version: Java(TM) SE Runtime Environment (7.0_79-b15) (build 1.7.0_79-b15)
# Java VM: Java HotSpot(TM) 64-Bit Server VM (24.79-b02 mixed mode windows-amd64 compressed oops)
# Failed to write core dump. Minidumps are not enabled by default on client versions of Windows
#

---------------  T H R E A D  ---------------

Current thread (0x0000000002c9c000):  JavaThread "C2 CompilerThread1" daemon [_thread_in_native, id=3268, stack(0x000000000b5d0000,0x000000000b6d0000)]

Stack: [0x000000000b5d0000,0x000000000b6d0000]
[error occurred during error reporting (printing stack bounds), id 0xc0000005]


[error occurred during error reporting (printing native stack), id 0xc0000005]


Current CompileTask:
C2:   4882  264   !         com.android.dx.cf.code.BytecodeArray::parseInstruction (2764 bytes)


---------------  P R O C E S S  ---------------

Java Threads: ( => current thread )
  0x000000000b076000 JavaThread "pool-1-thread-4" [_thread_in_Java, id=2580, stack(0x000000000bcd0000,0x000000000bdd0000)]
  0x000000000b075000 JavaThread "pool-1-thread-3" [_thread_in_Java, id=9896, stack(0x000000000bbd0000,0x000000000bcd0000)]
  0x000000000b074800 JavaThread "pool-1-thread-2" [_thread_in_Java, id=7192, stack(0x000000000bad0000,0x000000000bbd0000)]
  0x000000000b073800 JavaThread "pool-2-thread-1" [_thread_blocked, id=5676, stack(0x000000000b9d0000,0x000000000bad0000)]
  0x000000000b073000 JavaThread "pool-1-thread-1" [_thread_in_Java, id=4012, stack(0x000000000b8d0000,0x000000000b9d0000)]
  0x0000000002c9d000 JavaThread "Service Thread" daemon [_thread_blocked, id=6612, stack(0x000000000b6d0000,0x000000000b7d0000)]
=>0x0000000002c9c000 JavaThread "C2 CompilerThread1" daemon [_thread_in_native, id=3268, stack(0x000000000b5d0000,0x000000000b6d0000)]
  0x0000000002c8d000 JavaThread "C2 CompilerThread0" daemon [_thread_in_native, id=8940, stack(0x000000000b4d0000,0x000000000b5d0000)]
  0x000000000aef1000 JavaThread "Attach Listener" daemon [_thread_blocked, id=6528, stack(0x000000000b3d0000,0x000000000b4d0000)]
  0x000000000aef0800 JavaThread "Signal Dispatcher" daemon [_thread_blocked, id=7936, stack(0x000000000b2d0000,0x000000000b3d0000)]
  0x0000000008ee1000 JavaThread "Finalizer" daemon [_thread_blocked, id=904, stack(0x000000000add0000,0x000000000aed0000)]
  0x0000000008eda800 JavaThread "Reference Handler" daemon [_thread_blocked, id=980, stack(0x000000000acd0000,0x000000000add0000)]
  0x0000000002ba1000 JavaThread "main" [_thread_in_Java, id=9160, stack(0x00000000029a0000,0x0000000002aa0000)]

Other Threads:
  0x0000000008ed5800 VMThread [stack: 0x000000000abd0000,0x000000000acd0000] [id=9140]
  0x0000000002c9e000 WatcherThread [stack: 0x000000000b7d0000,0x000000000b8d0000] [id=10196]

VM state:not at safepoint (normal execution)

VM Mutex/Monitor currently owned by a thread: None

Heap
 PSYoungGen      total 38400K, used 18925K [0x00000000eaa80000, 0x00000000ed500000, 0x0000000100000000)
  eden space 33280K, 41% used [0x00000000eaa80000,0x00000000eb7fc870,0x00000000ecb00000)
  from space 5120K, 99% used [0x00000000ecb00000,0x00000000ecffec18,0x00000000ed000000)
  to   space 5120K, 0% used [0x00000000ed000000,0x00000000ed000000,0x00000000ed500000)
 ParOldGen       total 86528K, used 1722K [0x00000000c0000000, 0x00000000c5480000, 0x00000000eaa80000)
  object space 86528K, 1% used [0x00000000c0000000,0x00000000c01ae8a0,0x00000000c5480000)
 PSPermGen       total 21504K, used 5733K [0x00000000bae00000, 0x00000000bc300000, 0x00000000c0000000)
  object space 21504K, 26% used [0x00000000bae00000,0x00000000bb399498,0x00000000bc300000)

Card table byte_map: [0x0000000005ca0000,0x0000000005ed0000] byte_map_base: 0x00000000056c9000

Polling page: 0x00000000028c0000

Code Cache  [0x0000000002ca0000, 0x0000000002f10000, 0x0000000005ca0000)
 total_blobs=504 nmethods=267 adapters=189 free_code_cache=48109Kb largest_free_block=49233664

Compilation events (10 events):
Event: 4.834 Thread 0x0000000002c8d000 nmethod 263 0x0000000002d94ad0 code [0x0000000002d94c40, 0x0000000002d94e58]
Event: 4.834 Thread 0x0000000002c8d000  265             com.android.dx.cf.code.ByteOps::opInfo (6 bytes)
Event: 4.835 Thread 0x0000000002c8d000 nmethod 265 0x0000000002d978d0 code [0x0000000002d97a00, 0x0000000002d97a58]
Event: 4.835 Thread 0x0000000002c8d000  266             com.android.dx.cf.code.Ropper::addExceptionSetupBlocks (203 bytes)
Event: 4.859 Thread 0x0000000002c8d000 nmethod 266 0x0000000002daa410 code [0x0000000002daa680, 0x0000000002dab060]
Event: 4.859 Thread 0x0000000002c8d000  267             java.lang.StringBuilder::append (8 bytes)
Event: 4.866 Thread 0x0000000002c8d000 nmethod 267 0x0000000002d96210 code [0x0000000002d96360, 0x0000000002d966f8]
Event: 4.866 Thread 0x0000000002c8d000  268             com.android.dx.rop.code.RegisterSpecSet::equals (106 bytes)
Event: 4.877 Thread 0x0000000002c8d000 nmethod 268 0x0000000002d95a90 code [0x0000000002d95be0, 0x0000000002d95ff8]
Event: 4.878 Thread 0x0000000002c8d000  269             com.android.dx.dex.code.RopTranslator::pickOrder (400 bytes)

GC Heap History (2 events):
Event: 4.413 GC heap before
{Heap before GC invocations=1 (full 0):
 PSYoungGen      total 38400K, used 33280K [0x00000000eaa80000, 0x00000000ed500000, 0x0000000100000000)
  eden space 33280K, 100% used [0x00000000eaa80000,0x00000000ecb00000,0x00000000ecb00000)
  from space 5120K, 0% used [0x00000000ed000000,0x00000000ed000000,0x00000000ed500000)
  to   space 5120K, 0% used [0x00000000ecb00000,0x00000000ecb00000,0x00000000ed000000)
 ParOldGen       total 86528K, used 0K [0x00000000c0000000, 0x00000000c5480000, 0x00000000eaa80000)
  object space 86528K, 0% used [0x00000000c0000000,0x00000000c0000000,0x00000000c5480000)
 PSPermGen       total 21504K, used 5704K [0x00000000bae00000, 0x00000000bc300000, 0x00000000c0000000)
  object space 21504K, 26% used [0x00000000bae00000,0x00000000bb392230,0x00000000bc300000)
Event: 4.610 GC heap after
Heap after GC invocations=1 (full 0):
 PSYoungGen      total 38400K, used 5115K [0x00000000eaa80000, 0x00000000ed500000, 0x0000000100000000)
  eden space 33280K, 0% used [0x00000000eaa80000,0x00000000eaa80000,0x00000000ecb00000)
  from space 5120K, 99% used [0x00000000ecb00000,0x00000000ecffec18,0x00000000ed000000)
  to   space 5120K, 0% used [0x00000000ed000000,0x00000000ed000000,0x00000000ed500000)
 ParOldGen       total 86528K, used 1722K [0x00000000c0000000, 0x00000000c5480000, 0x00000000eaa80000)
  object space 86528K, 1% used [0x00000000c0000000,0x00000000c01ae8a0,0x00000000c5480000)
 PSPermGen       total 21504K, used 5704K [0x00000000bae00000, 0x00000000bc300000, 0x00000000c0000000)
  object space 21504K, 26% used [0x00000000bae00000,0x00000000bb392230,0x00000000bc300000)
}

Deoptimization events (7 events):
Event: 2.679 Thread 0x000000000b076000 Uncommon trap: reason=null_check action=make_not_entrant pc=0x0000000002d1aef8 method=com.android.dx.rop.code.LocalItem.equals(Ljava/lang/Object;)Z @ 1
Event: 2.817 Thread 0x000000000b075000 Uncommon trap: reason=class_check action=maybe_recompile pc=0x0000000002d17380 method=com.android.dx.ssa.NormalSsaInsn.accept(Lcom/android/dx/ssa/SsaInsn$Visitor;)V @ 9
Event: 2.817 Thread 0x000000000b075000 Uncommon trap: reason=class_check action=maybe_recompile pc=0x0000000002d17380 method=com.android.dx.ssa.NormalSsaInsn.accept(Lcom/android/dx/ssa/SsaInsn$Visitor;)V @ 9
Event: 2.818 Thread 0x000000000b075000 Uncommon trap: reason=class_check action=maybe_recompile pc=0x0000000002d17380 method=com.android.dx.ssa.NormalSsaInsn.accept(Lcom/android/dx/ssa/SsaInsn$Visitor;)V @ 9
Event: 2.818 Thread 0x000000000b075000 Uncommon trap: reason=class_check action=maybe_recompile pc=0x0000000002d17380 method=com.android.dx.ssa.NormalSsaInsn.accept(Lcom/android/dx/ssa/SsaInsn$Visitor;)V @ 9
Event: 3.695 Thread 0x000000000b074800 Uncommon trap: reason=unreached action=reinterpret pc=0x0000000002d32584 method=com.android.dx.rop.cst.Constant.compareTo(Lcom/android/dx/rop/cst/Constant;)I @ 12
Event: 4.830 Thread 0x0000000002ba1000 Uncommon trap: reason=null_check action=make_not_entrant pc=0x0000000002d9d338 method=com.android.dx.cf.code.Ropper$CatchInfo.getSetup(Lcom/android/dx/rop/type/Type;)Lcom/android/dx/cf/code/Ropper$ExceptionHandlerSetup; @ 10

Internal exceptions (10 events):
Event: 2.459 Thread 0x000000000b073000 Threw 0x00000000eb3ba328 at C:\re\jdk7u79\2331\hotspot\src\share\vm\prims\jvm.cpp:1304
Event: 2.459 Thread 0x0000000002ba1000 Threw 0x00000000eb467780 at C:\re\jdk7u79\2331\hotspot\src\share\vm\prims\jvm.cpp:1304
Event: 2.497 Thread 0x000000000b075000 Threw 0x00000000eaf51c70 at C:\re\jdk7u79\2331\hotspot\src\share\vm\prims\jvm.cpp:1304
Event: 2.679 Thread 0x000000000b076000 Implicit null exception at 0x0000000002d1ab83 to 0x0000000002d1aedd
Event: 3.023 Thread 0x0000000002ba1000 Threw 0x00000000eb858940 at C:\re\jdk7u79\2331\hotspot\src\share\vm\prims\jvm.cpp:1304
Event: 3.029 Thread 0x000000000b076000 Threw 0x00000000eb7c0d20 at C:\re\jdk7u79\2331\hotspot\src\share\vm\prims\jvm.cpp:1304
Event: 3.051 Thread 0x000000000b076000 Threw 0x00000000eb7f3960 at C:\re\jdk7u79\2331\hotspot\src\share\vm\prims\jvm.cpp:1304
Event: 3.423 Thread 0x000000000b074800 Threw 0x00000000ebbed538 at C:\re\jdk7u79\2331\hotspot\src\share\vm\prims\jvm.cpp:1304
Event: 4.656 Thread 0x0000000002ba1000 Threw 0x00000000eac47a28 at C:\re\jdk7u79\2331\hotspot\src\share\vm\prims\jvm.cpp:1304
Event: 4.830 Thread 0x0000000002ba1000 Implicit null exception at 0x0000000002d9b239 to 0x0000000002d9d32d

Events (10 events):
Event: 3.695 Thread 0x000000000b074800 Uncommon trap: trap_request=0xffffffad fr.pc=0x0000000002d32584
Event: 3.695 Thread 0x000000000b074800 DEOPT PACKING pc=0x0000000002d32584 sp=0x000000000bbce460
Event: 3.695 Thread 0x000000000b074800 DEOPT UNPACKING pc=0x0000000002cd75a4 sp=0x000000000bbce400 mode 2
Event: 4.290 Executing VM operation: ParallelGCFailedAllocation
Event: 4.610 Executing VM operation: ParallelGCFailedAllocation done
Event: 4.656 loading class 0x000000000af2c9b0
Event: 4.656 loading class 0x000000000af2c9b0 done
Event: 4.830 Thread 0x0000000002ba1000 Uncommon trap: trap_request=0xfffffff4 fr.pc=0x0000000002d9d338
Event: 4.830 Thread 0x0000000002ba1000 DEOPT PACKING pc=0x0000000002d9d338 sp=0x0000000002a9e300
Event: 4.830 Thread 0x0000000002ba1000 DEOPT UNPACKING pc=0x0000000002cd75a4 sp=0x0000000002a9e258 mode 2


Dynamic libraries:
0x00007ff792980000 - 0x00007ff7929b3000 	C:\Program Files\Java\jdk1.7.0_79\bin\java.exe
0x00007ff988930000 - 0x00007ff988af1000 	C:\WINDOWS\SYSTEM32\ntdll.dll
0x00007ff987ea0000 - 0x00007ff987f4d000 	C:\WINDOWS\system32\KERNEL32.DLL
0x00007ff985a80000 - 0x00007ff985c5d000 	C:\WINDOWS\system32\KERNELBASE.dll
0x00007ff9882c0000 - 0x00007ff988366000 	C:\WINDOWS\system32\ADVAPI32.dll
0x00007ff9880d0000 - 0x00007ff98816d000 	C:\WINDOWS\system32\msvcrt.dll
0x00007ff986000000 - 0x00007ff98605b000 	C:\WINDOWS\system32\sechost.dll
0x00007ff988430000 - 0x00007ff988556000 	C:\WINDOWS\system32\RPCRT4.dll
0x00007ff986060000 - 0x00007ff9861ae000 	C:\WINDOWS\system32\USER32.dll
0x00007ff987c50000 - 0x00007ff987dd6000 	C:\WINDOWS\system32\GDI32.dll
0x00007ff982460000 - 0x00007ff9826d4000 	C:\WINDOWS\WinSxS\amd64_microsoft.windows.common-controls_6595b64144ccf1df_6.0.10240.16384_none_f41f7b285750ef43\COMCTL32.dll
0x00007ff987b90000 - 0x00007ff987bc6000 	C:\WINDOWS\system32\IMM32.DLL
0x00007ff987f50000 - 0x00007ff9880ac000 	C:\WINDOWS\system32\MSCTF.dll
0x00000000711d0000 - 0x00000000712a2000 	C:\Program Files\Java\jdk1.7.0_79\jre\bin\msvcr100.dll
0x00000000717f0000 - 0x0000000071fc5000 	C:\Program Files\Java\jdk1.7.0_79\jre\bin\server\jvm.dll
0x00007ff987bd0000 - 0x00007ff987bd8000 	C:\WINDOWS\system32\PSAPI.DLL
0x00007ff981fa0000 - 0x00007ff981fa9000 	C:\WINDOWS\SYSTEM32\WSOCK32.dll
0x00007ff987b10000 - 0x00007ff987b79000 	C:\WINDOWS\system32\WS2_32.dll
0x00007ff988560000 - 0x00007ff988568000 	C:\WINDOWS\system32\NSI.dll
0x00007ff9835e0000 - 0x00007ff983603000 	C:\WINDOWS\SYSTEM32\WINMM.dll
0x00007ff9835b0000 - 0x00007ff9835dc000 	C:\WINDOWS\SYSTEM32\WINMMBASE.dll
0x00007ff985a30000 - 0x00007ff985a74000 	C:\WINDOWS\system32\cfgmgr32.dll
0x00007ff983c30000 - 0x00007ff983c57000 	C:\WINDOWS\SYSTEM32\DEVOBJ.dll
0x00000000717e0000 - 0x00000000717ef000 	C:\Program Files\Java\jdk1.7.0_79\jre\bin\verify.dll
0x00000000717b0000 - 0x00000000717d8000 	C:\Program Files\Java\jdk1.7.0_79\jre\bin\java.dll
0x0000000071790000 - 0x00000000717a5000 	C:\Program Files\Java\jdk1.7.0_79\jre\bin\zip.dll
0x0000000071770000 - 0x000000007178a000 	C:\Program Files\Java\jdk1.7.0_79\jre\bin\net.dll
0x00007ff984b70000 - 0x00007ff984bcd000 	C:\WINDOWS\system32\mswsock.dll
0x0000000071750000 - 0x0000000071761000 	C:\Program Files\Java\jdk1.7.0_79\jre\bin\nio.dll

VM Arguments:
jvm_args: -Xmx1024M -Dfile.encoding=windows-1252 -Duser.country=GB -Duser.language=en -Duser.variant 
java_command: com.android.dx.command.Main --dex --num-threads=4 --output F:\Data\Dropbox\AndroidStudioWorkspace\Test\jijo_driver\build\intermediates\pre-dexed\alpha\debug\classes-5a7d42ba99f5c371a42bd4767acec904e439716f.jar F:\Data\Dropbox\AndroidStudioWorkspace\Test\jijo_driver\build\intermediates\exploded-aar\com.google.android.gms\play-services-measurement\8.1.0\jars\classes.jar
Launcher Type: SUN_STANDARD

Environment Variables:
PATH=C:\Program Files (x86)\HP SimplePass\x64;C:\Program Files (x86)\HP SimplePass\;C:\WINDOWS\system32;C:\WINDOWS;C:\WINDOWS\System32\Wbem;C:\WINDOWS\System32\WindowsPowerShell\v1.0\;C:\Program Files (x86)\ATI Technologies\ATI.ACE\Core-Static;C:\Program Files (x86)\AMD\ATI.ACE\Core-Static;C:\Program Files (x86)\Skype\Phone\;C:\Program Files (x86)\Windows Live\Shared
USERNAME=ctemkar
OS=Windows_NT
PROCESSOR_IDENTIFIER=Intel64 Family 6 Model 42 Stepping 7, GenuineIntel



---------------  S Y S T E M  ---------------

OS: Windows 8.1 , 64 bit Build 9600 

CPU:total 8 (4 cores per cpu, 2 threads per core) family 6 model 42 stepping 7, cmov, cx8, fxsr, mmx, sse, sse2, sse3, ssse3, sse4.1, sse4.2, popcnt, avx, aes, ht, tsc, tscinvbit

Memory: 4k page, physical 8335212k(1246800k free), swap 10954740k(5024k free)

vm_info: Java HotSpot(TM) 64-Bit Server VM (24.79-b02) for windows-amd64 JRE (1.7.0_79-b15), built on Apr 10 2015 12:36:16 by "java_re" with unknown MS VC++:1600

time: Sun Nov 01 23:03:14 2015
elapsed time: 4 seconds

