#
# There is insufficient memory for the Java Runtime Environment to continue.
# Native memory allocation (malloc) failed to allocate 1429936 bytes for Chunk::new
# Possible reasons:
#   The system is out of physical RAM or swap space
#   In 32 bit mode, the process size limit was hit
# Possible solutions:
#   Reduce memory load on the system
#   Increase physical memory or swap space
#   Check if swap backing store is full
#   Use 64 bit Java on a 64 bit OS
#   Decrease Java heap size (-Xmx/-Xms)
#   Decrease number of Java threads
#   Decrease Java thread stack sizes (-Xss)
#   Set larger code cache with -XX:ReservedCodeCacheSize=
# This output file may be truncated or incomplete.
#
#  Out of Memory Error (allocation.cpp:323), pid=2720, tid=9660
#
# JRE version: Java(TM) SE Runtime Environment (7.0_79-b15) (build 1.7.0_79-b15)
# Java VM: Java HotSpot(TM) 64-Bit Server VM (24.79-b02 mixed mode windows-amd64 compressed oops)
# Failed to write core dump. Minidumps are not enabled by default on client versions of Windows
#

---------------  T H R E A D  ---------------

Current thread (0x0000000002977000):  JavaThread "C2 CompilerThread1" daemon [_thread_in_native, id=9660, stack(0x000000000b350000,0x000000000b450000)]

Stack: [0x000000000b350000,0x000000000b450000]
[error occurred during error reporting (printing stack bounds), id 0xc0000005]


[error occurred during error reporting (printing native stack), id 0xc0000005]


Current CompileTask:
C2:   7275  513   !         com.android.dx.cf.code.BytecodeArray::parseInstruction (2764 bytes)


---------------  P R O C E S S  ---------------

Java Threads: ( => current thread )
  0x000000000ae39000 JavaThread "pool-1-thread-4" [_thread_blocked, id=428, stack(0x000000000ba50000,0x000000000bb50000)]
  0x000000000ae38800 JavaThread "pool-1-thread-3" [_thread_blocked, id=7724, stack(0x000000000b950000,0x000000000ba50000)]
  0x000000000ad75000 JavaThread "pool-1-thread-2" [_thread_blocked, id=9416, stack(0x000000000b850000,0x000000000b950000)]
  0x000000000ad27800 JavaThread "pool-2-thread-1" [_thread_blocked, id=7736, stack(0x000000000b750000,0x000000000b850000)]
  0x000000000aca6000 JavaThread "pool-1-thread-1" [_thread_blocked, id=8148, stack(0x000000000b650000,0x000000000b750000)]
  0x000000000297d000 JavaThread "Service Thread" daemon [_thread_blocked, id=5420, stack(0x000000000b450000,0x000000000b550000)]
=>0x0000000002977000 JavaThread "C2 CompilerThread1" daemon [_thread_in_native, id=9660, stack(0x000000000b350000,0x000000000b450000)]
  0x000000000ac71000 JavaThread "C2 CompilerThread0" daemon [_thread_blocked, id=3168, stack(0x000000000b250000,0x000000000b350000)]
  0x000000000296d000 JavaThread "Attach Listener" daemon [_thread_blocked, id=96, stack(0x000000000b150000,0x000000000b250000)]
  0x000000000ac70800 JavaThread "Signal Dispatcher" daemon [_thread_blocked, id=9504, stack(0x000000000b050000,0x000000000b150000)]
  0x0000000008c81000 JavaThread "Finalizer" daemon [_thread_blocked, id=8108, stack(0x000000000ab50000,0x000000000ac50000)]
  0x0000000008c7a800 JavaThread "Reference Handler" daemon [_thread_blocked, id=1748, stack(0x000000000aa50000,0x000000000ab50000)]
  0x0000000002881000 JavaThread "main" [_thread_blocked, id=8760, stack(0x00000000025f0000,0x00000000026f0000)]

Other Threads:
  0x0000000008c75800 VMThread [stack: 0x000000000a950000,0x000000000aa50000] [id=3656]
  0x000000000297e800 WatcherThread [stack: 0x000000000b550000,0x000000000b650000] [id=7368]

VM state:not at safepoint (normal execution)

VM Mutex/Monitor currently owned by a thread: None

Heap
 PSYoungGen      total 71680K, used 37191K [0x00000000eaa80000, 0x00000000ef580000, 0x0000000100000000)
  eden space 66560K, 48% used [0x00000000eaa80000,0x00000000ec9d4b40,0x00000000eeb80000)
  from space 5120K, 99% used [0x00000000ef080000,0x00000000ef57d188,0x00000000ef580000)
  to   space 5120K, 0% used [0x00000000eeb80000,0x00000000eeb80000,0x00000000ef080000)
 ParOldGen       total 86528K, used 7048K [0x00000000c0000000, 0x00000000c5480000, 0x00000000eaa80000)
  object space 86528K, 8% used [0x00000000c0000000,0x00000000c06e2208,0x00000000c5480000)
 PSPermGen       total 21504K, used 5843K [0x00000000bae00000, 0x00000000bc300000, 0x00000000c0000000)
  object space 21504K, 27% used [0x00000000bae00000,0x00000000bb3b4fd8,0x00000000bc300000)

Card table byte_map: [0x0000000005a40000,0x0000000005c70000] byte_map_base: 0x0000000005469000

Polling page: 0x0000000000e30000

Code Cache  [0x0000000002980000, 0x0000000002bf0000, 0x0000000005980000)
 total_blobs=743 nmethods=506 adapters=189 free_code_cache=47159Kb largest_free_block=48226880

Compilation events (10 events):
Event: 7.161 Thread 0x0000000002977000  509             com.android.dx.cf.code.Merger::mergeType (142 bytes)
Event: 7.167 Thread 0x0000000002977000 nmethod 509 0x0000000002b74a90 code [0x0000000002b74c60, 0x0000000002b750a0]
Event: 7.167 Thread 0x0000000002977000  510             com.android.dx.rop.code.PlainCstInsn::accept (8 bytes)
Event: 7.168 Thread 0x0000000002977000 nmethod 510 0x0000000002a52990 code [0x0000000002a52ae0, 0x0000000002a52b58]
Event: 7.168 Thread 0x0000000002977000  511             com.android.dx.dex.code.FixedSizeInsn::<init> (8 bytes)
Event: 7.169 Thread 0x0000000002977000 nmethod 511 0x0000000002a52690 code [0x0000000002a527c0, 0x0000000002a52898]
Event: 7.179 Thread 0x0000000002977000  512             com.android.dx.rop.type.StdTypeList::withFirst (53 bytes)
Event: 7.184 Thread 0x0000000002977000 nmethod 512 0x0000000002a52050 code [0x0000000002a521a0, 0x0000000002a52438]
Event: 7.185 Thread 0x0000000002977000  513   !         com.android.dx.cf.code.BytecodeArray::parseInstruction (2764 bytes)
Event: 7.202 Thread 0x000000000ac71000 nmethod 503 0x0000000002b7d850 code [0x0000000002b7dbc0, 0x0000000002b7fa10]

GC Heap History (4 events):
Event: 3.555 GC heap before
{Heap before GC invocations=1 (full 0):
 PSYoungGen      total 38400K, used 33280K [0x00000000eaa80000, 0x00000000ed500000, 0x0000000100000000)
  eden space 33280K, 100% used [0x00000000eaa80000,0x00000000ecb00000,0x00000000ecb00000)
  from space 5120K, 0% used [0x00000000ed000000,0x00000000ed000000,0x00000000ed500000)
  to   space 5120K, 0% used [0x00000000ecb00000,0x00000000ecb00000,0x00000000ed000000)
 ParOldGen       total 86528K, used 0K [0x00000000c0000000, 0x00000000c5480000, 0x00000000eaa80000)
  object space 86528K, 0% used [0x00000000c0000000,0x00000000c0000000,0x00000000c5480000)
 PSPermGen       total 21504K, used 5748K [0x00000000bae00000, 0x00000000bc300000, 0x00000000c0000000)
  object space 21504K, 26% used [0x00000000bae00000,0x00000000bb39d370,0x00000000bc300000)
Event: 3.773 GC heap after
Heap after GC invocations=1 (full 0):
 PSYoungGen      total 38400K, used 5089K [0x00000000eaa80000, 0x00000000ef580000, 0x0000000100000000)
  eden space 33280K, 0% used [0x00000000eaa80000,0x00000000eaa80000,0x00000000ecb00000)
  from space 5120K, 99% used [0x00000000ecb00000,0x00000000ecff8668,0x00000000ed000000)
  to   space 5120K, 0% used [0x00000000ef080000,0x00000000ef080000,0x00000000ef580000)
 ParOldGen       total 86528K, used 2074K [0x00000000c0000000, 0x00000000c5480000, 0x00000000eaa80000)
  object space 86528K, 2% used [0x00000000c0000000,0x00000000c02068f8,0x00000000c5480000)
 PSPermGen       total 21504K, used 5748K [0x00000000bae00000, 0x00000000bc300000, 0x00000000c0000000)
  object space 21504K, 26% used [0x00000000bae00000,0x00000000bb39d370,0x00000000bc300000)
}
Event: 4.630 GC heap before
{Heap before GC invocations=2 (full 0):
 PSYoungGen      total 38400K, used 38369K [0x00000000eaa80000, 0x00000000ef580000, 0x0000000100000000)
  eden space 33280K, 100% used [0x00000000eaa80000,0x00000000ecb00000,0x00000000ecb00000)
  from space 5120K, 99% used [0x00000000ecb00000,0x00000000ecff8668,0x00000000ed000000)
  to   space 5120K, 0% used [0x00000000ef080000,0x00000000ef080000,0x00000000ef580000)
 ParOldGen       total 86528K, used 2074K [0x00000000c0000000, 0x00000000c5480000, 0x00000000eaa80000)
  object space 86528K, 2% used [0x00000000c0000000,0x00000000c02068f8,0x00000000c5480000)
 PSPermGen       total 21504K, used 5818K [0x00000000bae00000, 0x00000000bc300000, 0x00000000c0000000)
  object space 21504K, 27% used [0x00000000bae00000,0x00000000bb3ae9d8,0x00000000bc300000)
Event: 4.783 GC heap after
Heap after GC invocations=2 (full 0):
 PSYoungGen      total 71680K, used 5108K [0x00000000eaa80000, 0x00000000ef580000, 0x0000000100000000)
  eden space 66560K, 0% used [0x00000000eaa80000,0x00000000eaa80000,0x00000000eeb80000)
  from space 5120K, 99% used [0x00000000ef080000,0x00000000ef57d188,0x00000000ef580000)
  to   space 5120K, 0% used [0x00000000eeb80000,0x00000000eeb80000,0x00000000ef080000)
 ParOldGen       total 86528K, used 7048K [0x00000000c0000000, 0x00000000c5480000, 0x00000000eaa80000)
  object space 86528K, 8% used [0x00000000c0000000,0x00000000c06e2208,0x00000000c5480000)
 PSPermGen       total 21504K, used 5818K [0x00000000bae00000, 0x00000000bc300000, 0x00000000c0000000)
  object space 21504K, 27% used [0x00000000bae00000,0x00000000bb3ae9d8,0x00000000bc300000)
}

Deoptimization events (10 events):
Event: 4.376 Thread 0x000000000ad75000 Uncommon trap: reason=class_check action=maybe_recompile pc=0x0000000002a3ddf4 method=java.util.HashMap.put(Ljava/lang/Object;Ljava/lang/Object;)Ljava/lang/Object; @ 83
Event: 4.376 Thread 0x000000000ad75000 Uncommon trap: reason=class_check action=maybe_recompile pc=0x0000000002a3ddf4 method=java.util.HashMap.put(Ljava/lang/Object;Ljava/lang/Object;)Ljava/lang/Object; @ 83
Event: 4.376 Thread 0x000000000ad75000 Uncommon trap: reason=class_check action=maybe_recompile pc=0x0000000002a3ddf4 method=java.util.HashMap.put(Ljava/lang/Object;Ljava/lang/Object;)Ljava/lang/Object; @ 83
Event: 4.376 Thread 0x000000000ad75000 Uncommon trap: reason=class_check action=maybe_recompile pc=0x0000000002a3ddf4 method=java.util.HashMap.put(Ljava/lang/Object;Ljava/lang/Object;)Ljava/lang/Object; @ 83
Event: 6.827 Thread 0x0000000002881000 Uncommon trap: reason=unloaded action=reinterpret pc=0x0000000002ae4790 method=com.android.dx.ssa.LiteralOpUpgrader$1.visitNonMoveInsn(Lcom/android/dx/ssa/NormalSsaInsn;)V @ 72
Event: 6.899 Thread 0x0000000002881000 Uncommon trap: reason=class_check action=maybe_recompile pc=0x0000000002ac8ff8 method=com.android.dx.cf.code.BytecodeArray.parseInstruction(ILcom/android/dx/cf/code/BytecodeArray$Visitor;)I @ 1258
Event: 6.899 Thread 0x0000000002881000 Uncommon trap: reason=class_check action=maybe_recompile pc=0x0000000002ac8ff8 method=com.android.dx.cf.code.BytecodeArray.parseInstruction(ILcom/android/dx/cf/code/BytecodeArray$Visitor;)I @ 1258
Event: 6.900 Thread 0x0000000002881000 Uncommon trap: reason=class_check action=maybe_recompile pc=0x0000000002ac8ff8 method=com.android.dx.cf.code.BytecodeArray.parseInstruction(ILcom/android/dx/cf/code/BytecodeArray$Visitor;)I @ 1258
Event: 6.900 Thread 0x0000000002881000 Uncommon trap: reason=class_check action=maybe_recompile pc=0x0000000002ac8ff8 method=com.android.dx.cf.code.BytecodeArray.parseInstruction(ILcom/android/dx/cf/code/BytecodeArray$Visitor;)I @ 1258
Event: 7.185 Thread 0x000000000ad75000 Uncommon trap: reason=class_check action=maybe_recompile pc=0x0000000002b3475c method=com.android.dx.cf.code.RopperMachine.run(Lcom/android/dx/cf/code/Frame;II)V @ 1024

Internal exceptions (10 events):
Event: 2.919 Thread 0x0000000002881000 Threw 0x00000000ebca9990 at C:\re\jdk7u79\2331\hotspot\src\share\vm\prims\jvm.cpp:1304
Event: 2.985 Thread 0x000000000ad75000 Implicit null exception at 0x0000000002a14a52 to 0x0000000002a14b42
Event: 3.043 Thread 0x0000000002881000 Implicit null exception at 0x0000000002a33647 to 0x0000000002a33d29
Event: 3.056 Thread 0x0000000002881000 Threw 0x00000000ec136dd0 at C:\re\jdk7u79\2331\hotspot\src\share\vm\prims\jvm.cpp:1304
Event: 3.111 Thread 0x000000000ae38800 Implicit null exception at 0x0000000002a37c1e to 0x0000000002a38b25
Event: 3.287 Thread 0x000000000ad75000 Implicit null exception at 0x0000000002a4666c to 0x0000000002a47741
Event: 3.323 Thread 0x0000000002881000 Threw 0x00000000ec6d7158 at C:\re\jdk7u79\2331\hotspot\src\share\vm\prims\jvm.cpp:1304
Event: 4.319 Thread 0x000000000ae38800 Threw 0x00000000ebd46720 at C:\re\jdk7u79\2331\hotspot\src\share\vm\prims\jvm.cpp:1304
Event: 5.555 Thread 0x000000000ae39000 Threw 0x00000000eba2f720 at C:\re\jdk7u79\2331\hotspot\src\share\vm\prims\jvm.cpp:1304
Event: 6.827 Thread 0x0000000002881000 Threw 0x00000000ec0a1a50 at C:\re\jdk7u79\2331\hotspot\src\share\vm\prims\jvm.cpp:1304

Events (10 events):
Event: 6.900 Thread 0x0000000002881000 DEOPT PACKING pc=0x0000000002ac8ff8 sp=0x00000000026ee680
Event: 6.900 Thread 0x0000000002881000 DEOPT UNPACKING pc=0x00000000029b75a4 sp=0x00000000026ee628 mode 2
Event: 6.900 Thread 0x0000000002881000 Uncommon trap: trap_request=0xffffffde fr.pc=0x0000000002ac8ff8
Event: 6.900 Thread 0x0000000002881000 DEOPT PACKING pc=0x0000000002ac8ff8 sp=0x00000000026ee680
Event: 6.900 Thread 0x0000000002881000 DEOPT UNPACKING pc=0x00000000029b75a4 sp=0x00000000026ee628 mode 2
Event: 7.155 Thread 0x0000000002977000 flushing nmethod 0x0000000002a45910
Event: 7.156 Thread 0x0000000002977000 flushing nmethod 0x0000000002a51850
Event: 7.185 Thread 0x000000000ad75000 Uncommon trap: trap_request=0xffffffde fr.pc=0x0000000002b3475c
Event: 7.185 Thread 0x000000000ad75000 DEOPT PACKING pc=0x0000000002b3475c sp=0x000000000b94ec60
Event: 7.185 Thread 0x000000000ad75000 DEOPT UNPACKING pc=0x00000000029b75a4 sp=0x000000000b94ebd8 mode 2


Dynamic libraries:
0x00007ff792980000 - 0x00007ff7929b3000 	C:\Program Files\Java\jdk1.7.0_79\bin\java.exe
0x00007ff988930000 - 0x00007ff988af1000 	C:\WINDOWS\SYSTEM32\ntdll.dll
0x00007ff987ea0000 - 0x00007ff987f4d000 	C:\WINDOWS\system32\KERNEL32.DLL
0x00007ff985a80000 - 0x00007ff985c5d000 	C:\WINDOWS\system32\KERNELBASE.dll
0x00007ff9882c0000 - 0x00007ff988366000 	C:\WINDOWS\system32\ADVAPI32.dll
0x00007ff9880d0000 - 0x00007ff98816d000 	C:\WINDOWS\system32\msvcrt.dll
0x00007ff986000000 - 0x00007ff98605b000 	C:\WINDOWS\system32\sechost.dll
0x00007ff988430000 - 0x00007ff988556000 	C:\WINDOWS\system32\RPCRT4.dll
0x00007ff986060000 - 0x00007ff9861ae000 	C:\WINDOWS\system32\USER32.dll
0x00007ff987c50000 - 0x00007ff987dd6000 	C:\WINDOWS\system32\GDI32.dll
0x00007ff982460000 - 0x00007ff9826d4000 	C:\WINDOWS\WinSxS\amd64_microsoft.windows.common-controls_6595b64144ccf1df_6.0.10240.16384_none_f41f7b285750ef43\COMCTL32.dll
0x00007ff987b90000 - 0x00007ff987bc6000 	C:\WINDOWS\system32\IMM32.DLL
0x00007ff987f50000 - 0x00007ff9880ac000 	C:\WINDOWS\system32\MSCTF.dll
0x00000000711d0000 - 0x00000000712a2000 	C:\Program Files\Java\jdk1.7.0_79\jre\bin\msvcr100.dll
0x00000000717f0000 - 0x0000000071fc5000 	C:\Program Files\Java\jdk1.7.0_79\jre\bin\server\jvm.dll
0x00007ff987bd0000 - 0x00007ff987bd8000 	C:\WINDOWS\system32\PSAPI.DLL
0x00007ff981fa0000 - 0x00007ff981fa9000 	C:\WINDOWS\SYSTEM32\WSOCK32.dll
0x00007ff987b10000 - 0x00007ff987b79000 	C:\WINDOWS\system32\WS2_32.dll
0x00007ff988560000 - 0x00007ff988568000 	C:\WINDOWS\system32\NSI.dll
0x00007ff9835e0000 - 0x00007ff983603000 	C:\WINDOWS\SYSTEM32\WINMM.dll
0x00007ff9835b0000 - 0x00007ff9835dc000 	C:\WINDOWS\SYSTEM32\WINMMBASE.dll
0x00007ff985a30000 - 0x00007ff985a74000 	C:\WINDOWS\system32\cfgmgr32.dll
0x00007ff983c30000 - 0x00007ff983c57000 	C:\WINDOWS\SYSTEM32\DEVOBJ.dll
0x00000000717e0000 - 0x00000000717ef000 	C:\Program Files\Java\jdk1.7.0_79\jre\bin\verify.dll
0x00000000717b0000 - 0x00000000717d8000 	C:\Program Files\Java\jdk1.7.0_79\jre\bin\java.dll
0x0000000071790000 - 0x00000000717a5000 	C:\Program Files\Java\jdk1.7.0_79\jre\bin\zip.dll
0x0000000071770000 - 0x000000007178a000 	C:\Program Files\Java\jdk1.7.0_79\jre\bin\net.dll
0x00007ff984b70000 - 0x00007ff984bcd000 	C:\WINDOWS\system32\mswsock.dll
0x0000000071750000 - 0x0000000071761000 	C:\Program Files\Java\jdk1.7.0_79\jre\bin\nio.dll

VM Arguments:
jvm_args: -Xmx1024M -Dfile.encoding=windows-1252 -Duser.country=GB -Duser.language=en -Duser.variant 
java_command: com.android.dx.command.Main --dex --num-threads=4 --output F:\Data\Dropbox\AndroidStudioWorkspace\Test\jijo_driver\build\intermediates\pre-dexed\alpha\debug\classes-adc0835dcfa20324a667ebaeebf6b5259e1c236b.jar F:\Data\Dropbox\AndroidStudioWorkspace\Test\jijo_driver\build\intermediates\exploded-aar\com.android.support\appcompat-v7\23.1.0\jars\classes.jar
Launcher Type: SUN_STANDARD

Environment Variables:
PATH=C:\Program Files (x86)\HP SimplePass\x64;C:\Program Files (x86)\HP SimplePass\;C:\WINDOWS\system32;C:\WINDOWS;C:\WINDOWS\System32\Wbem;C:\WINDOWS\System32\WindowsPowerShell\v1.0\;C:\Program Files (x86)\ATI Technologies\ATI.ACE\Core-Static;C:\Program Files (x86)\AMD\ATI.ACE\Core-Static;C:\Program Files (x86)\Skype\Phone\;C:\Program Files (x86)\Windows Live\Shared
USERNAME=ctemkar
OS=Windows_NT
PROCESSOR_IDENTIFIER=Intel64 Family 6 Model 42 Stepping 7, GenuineIntel



---------------  S Y S T E M  ---------------

OS: Windows 8.1 , 64 bit Build 9600 

CPU:total 8 (4 cores per cpu, 2 threads per core) family 6 model 42 stepping 7, cmov, cx8, fxsr, mmx, sse, sse2, sse3, ssse3, sse4.1, sse4.2, popcnt, avx, aes, ht, tsc, tscinvbit

Memory: 4k page, physical 8335212k(1152852k free), swap 10953444k(6040k free)

vm_info: Java HotSpot(TM) 64-Bit Server VM (24.79-b02) for windows-amd64 JRE (1.7.0_79-b15), built on Apr 10 2015 12:36:16 by "java_re" with unknown MS VC++:1600

time: Sun Nov 01 23:01:24 2015
elapsed time: 7 seconds

