#
# There is insufficient memory for the Java Runtime Environment to continue.
# Native memory allocation (malloc) failed to allocate 581328 bytes for Chunk::new
# Possible reasons:
#   The system is out of physical RAM or swap space
#   In 32 bit mode, the process size limit was hit
# Possible solutions:
#   Reduce memory load on the system
#   Increase physical memory or swap space
#   Check if swap backing store is full
#   Use 64 bit Java on a 64 bit OS
#   Decrease Java heap size (-Xmx/-Xms)
#   Decrease number of Java threads
#   Decrease Java thread stack sizes (-Xss)
#   Set larger code cache with -XX:ReservedCodeCacheSize=
# This output file may be truncated or incomplete.
#
#  Out of Memory Error (allocation.cpp:323), pid=7412, tid=5224
#
# JRE version: Java(TM) SE Runtime Environment (7.0_79-b15) (build 1.7.0_79-b15)
# Java VM: Java HotSpot(TM) 64-Bit Server VM (24.79-b02 mixed mode windows-amd64 compressed oops)
# Failed to write core dump. Minidumps are not enabled by default on client versions of Windows
#

---------------  T H R E A D  ---------------

Current thread (0x0000000002209000):  JavaThread "C2 CompilerThread1" daemon [_thread_in_native, id=5224, stack(0x000000000acd0000,0x000000000add0000)]

Stack: [0x000000000acd0000,0x000000000add0000]
[error occurred during error reporting (printing stack bounds), id 0xc0000005]


[error occurred during error reporting (printing native stack), id 0xc0000005]


Current CompileTask:
C2:   2902  237   !         com.android.dx.cf.code.BytecodeArray::parseInstruction (2764 bytes)


---------------  P R O C E S S  ---------------

Java Threads: ( => current thread )
  0x000000000a82a800 JavaThread "pool-1-thread-4" [_thread_in_Java, id=8088, stack(0x000000000b3d0000,0x000000000b4d0000)]
  0x000000000a838000 JavaThread "pool-1-thread-3" [_thread_in_Java, id=324, stack(0x000000000b2d0000,0x000000000b3d0000)]
  0x000000000a702800 JavaThread "pool-1-thread-2" [_thread_in_vm, id=6340, stack(0x000000000b1d0000,0x000000000b2d0000)]
  0x000000000a6ff800 JavaThread "pool-2-thread-1" [_thread_blocked, id=9592, stack(0x000000000b0d0000,0x000000000b1d0000)]
  0x000000000a6ff000 JavaThread "pool-1-thread-1" [_thread_in_Java, id=6424, stack(0x000000000afd0000,0x000000000b0d0000)]
  0x0000000002209800 JavaThread "Service Thread" daemon [_thread_blocked, id=8612, stack(0x000000000add0000,0x000000000aed0000)]
=>0x0000000002209000 JavaThread "C2 CompilerThread1" daemon [_thread_in_native, id=5224, stack(0x000000000acd0000,0x000000000add0000)]
  0x00000000021fd000 JavaThread "C2 CompilerThread0" daemon [_thread_in_native, id=1192, stack(0x000000000abd0000,0x000000000acd0000)]
  0x000000000a5f1000 JavaThread "Attach Listener" daemon [_thread_blocked, id=6648, stack(0x000000000aad0000,0x000000000abd0000)]
  0x000000000a5f0800 JavaThread "Signal Dispatcher" daemon [_thread_blocked, id=7560, stack(0x000000000a9d0000,0x000000000aad0000)]
  0x0000000008511000 JavaThread "Finalizer" daemon [_thread_blocked, id=6976, stack(0x000000000a4d0000,0x000000000a5d0000)]
  0x000000000850a800 JavaThread "Reference Handler" daemon [_thread_blocked, id=3500, stack(0x000000000a3d0000,0x000000000a4d0000)]
  0x0000000002111000 JavaThread "main" [_thread_in_Java, id=10184, stack(0x0000000001f80000,0x0000000002080000)]

Other Threads:
  0x0000000008505800 VMThread [stack: 0x000000000a1d0000,0x000000000a2d0000] [id=936]
  0x000000000220e000 WatcherThread [stack: 0x000000000aed0000,0x000000000afd0000] [id=8048]

VM state:not at safepoint (normal execution)

VM Mutex/Monitor currently owned by a thread: None

Heap
 PSYoungGen      total 38400K, used 14106K [0x00000000eaa80000, 0x00000000ef580000, 0x0000000100000000)
  eden space 33280K, 27% used [0x00000000eaa80000,0x00000000eb34bc60,0x00000000ecb00000)
  from space 5120K, 99% used [0x00000000ecb00000,0x00000000ecffac08,0x00000000ed000000)
  to   space 5120K, 0% used [0x00000000ef080000,0x00000000ef080000,0x00000000ef580000)
 ParOldGen       total 86528K, used 2493K [0x00000000c0000000, 0x00000000c5480000, 0x00000000eaa80000)
  object space 86528K, 2% used [0x00000000c0000000,0x00000000c026f470,0x00000000c5480000)
 PSPermGen       total 21504K, used 5739K [0x00000000bae00000, 0x00000000bc300000, 0x00000000c0000000)
  object space 21504K, 26% used [0x00000000bae00000,0x00000000bb39ad18,0x00000000bc300000)

Card table byte_map: [0x00000000052d0000,0x0000000005500000] byte_map_base: 0x0000000004cf9000

Polling page: 0x0000000000790000

Code Cache  [0x0000000002210000, 0x0000000002480000, 0x0000000005210000)
 total_blobs=480 nmethods=243 adapters=189 free_code_cache=48182Kb largest_free_block=49292480

Compilation events (10 events):
Event: 2.852 Thread 0x00000000021fd000 nmethod 238 0x00000000022edbd0 code [0x00000000022edd00, 0x00000000022edd58]
Event: 2.852 Thread 0x00000000021fd000  239             com.android.dx.ssa.SsaBasicBlock::getCountPhiInsns (45 bytes)
Event: 2.856 Thread 0x00000000021fd000 nmethod 239 0x00000000022fcbd0 code [0x00000000022fcd20, 0x00000000022fcf18]
Event: 2.856 Thread 0x00000000021fd000  240             com.android.dx.rop.code.RegisterSpec::make (7 bytes)
Event: 2.857 Thread 0x00000000021fd000 nmethod 240 0x00000000022ed5d0 code [0x00000000022ed720, 0x00000000022ed788]
Event: 2.857 Thread 0x00000000021fd000  241             java.lang.AbstractStringBuilder::ensureCapacityInternal (16 bytes)
Event: 2.864 Thread 0x00000000021fd000 nmethod 241 0x00000000022f73d0 code [0x00000000022f7520, 0x00000000022f7798]
Event: 2.864 Thread 0x00000000021fd000  242             java.util.ArrayList::clear (39 bytes)
Event: 2.868 Thread 0x00000000021fd000 nmethod 242 0x00000000022ed350 code [0x00000000022ed480, 0x00000000022ed558]
Event: 2.868 Thread 0x00000000021fd000  243             com.android.dx.cf.code.Ropper::addExceptionSetupBlocks (203 bytes)

GC Heap History (2 events):
Event: 2.452 GC heap before
{Heap before GC invocations=1 (full 0):
 PSYoungGen      total 38400K, used 33280K [0x00000000eaa80000, 0x00000000ed500000, 0x0000000100000000)
  eden space 33280K, 100% used [0x00000000eaa80000,0x00000000ecb00000,0x00000000ecb00000)
  from space 5120K, 0% used [0x00000000ed000000,0x00000000ed000000,0x00000000ed500000)
  to   space 5120K, 0% used [0x00000000ecb00000,0x00000000ecb00000,0x00000000ed000000)
 ParOldGen       total 86528K, used 0K [0x00000000c0000000, 0x00000000c5480000, 0x00000000eaa80000)
  object space 86528K, 0% used [0x00000000c0000000,0x00000000c0000000,0x00000000c5480000)
 PSPermGen       total 21504K, used 5716K [0x00000000bae00000, 0x00000000bc300000, 0x00000000c0000000)
  object space 21504K, 26% used [0x00000000bae00000,0x00000000bb395278,0x00000000bc300000)
Event: 2.696 GC heap after
Heap after GC invocations=1 (full 0):
 PSYoungGen      total 38400K, used 5099K [0x00000000eaa80000, 0x00000000ef580000, 0x0000000100000000)
  eden space 33280K, 0% used [0x00000000eaa80000,0x00000000eaa80000,0x00000000ecb00000)
  from space 5120K, 99% used [0x00000000ecb00000,0x00000000ecffac08,0x00000000ed000000)
  to   space 5120K, 0% used [0x00000000ef080000,0x00000000ef080000,0x00000000ef580000)
 ParOldGen       total 86528K, used 2493K [0x00000000c0000000, 0x00000000c5480000, 0x00000000eaa80000)
  object space 86528K, 2% used [0x00000000c0000000,0x00000000c026f470,0x00000000c5480000)
 PSPermGen       total 21504K, used 5716K [0x00000000bae00000, 0x00000000bc300000, 0x00000000c0000000)
  object space 21504K, 26% used [0x00000000bae00000,0x00000000bb395278,0x00000000bc300000)
}

Deoptimization events (9 events):
Event: 1.297 Thread 0x0000000002111000 Uncommon trap: reason=unreached action=reinterpret pc=0x00000000022858c4 method=com.android.dx.rop.cst.Constant.compareTo(Lcom/android/dx/rop/cst/Constant;)I @ 12
Event: 1.456 Thread 0x000000000a702800 Uncommon trap: reason=null_check action=make_not_entrant pc=0x0000000002293e28 method=com.android.dx.rop.code.LocalItem.equals(Ljava/lang/Object;)Z @ 1
Event: 1.920 Thread 0x0000000002111000 Uncommon trap: reason=class_check action=maybe_recompile pc=0x00000000022a14e0 method=com.android.dx.ssa.NormalSsaInsn.accept(Lcom/android/dx/ssa/SsaInsn$Visitor;)V @ 9
Event: 2.007 Thread 0x000000000a702800 Uncommon trap: reason=class_check action=maybe_recompile pc=0x00000000022a14e0 method=com.android.dx.ssa.NormalSsaInsn.accept(Lcom/android/dx/ssa/SsaInsn$Visitor;)V @ 9
Event: 2.413 Thread 0x000000000a82a800 Uncommon trap: reason=null_check action=make_not_entrant pc=0x00000000022e8158 method=com.android.dx.rop.code.RegisterSpec.equals(Ljava/lang/Object;)Z @ 1
Event: 2.719 Thread 0x000000000a82a800 Uncommon trap: reason=class_check action=maybe_recompile pc=0x00000000022a14e0 method=com.android.dx.ssa.NormalSsaInsn.accept(Lcom/android/dx/ssa/SsaInsn$Visitor;)V @ 9
Event: 2.721 Thread 0x000000000a82a800 Uncommon trap: reason=class_check action=maybe_recompile pc=0x00000000022a14e0 method=com.android.dx.ssa.NormalSsaInsn.accept(Lcom/android/dx/ssa/SsaInsn$Visitor;)V @ 9
Event: 2.831 Thread 0x000000000a6ff000 Uncommon trap: reason=uninitialized action=reinterpret pc=0x00000000022ef410 method=com.android.dx.cf.code.ByteCatchList.toRopCatchList()Lcom/android/dx/rop/type/TypeList; @ 36
Event: 2.835 Thread 0x000000000a6ff000 Uncommon trap: reason=unreached action=reinterpret pc=0x00000000022e10f8 method=com.android.dx.util.LabeledList.set(ILcom/android/dx/util/LabeledItem;)V @ 16

Internal exceptions (10 events):
Event: 1.007 Thread 0x000000000a702800 Threw 0x00000000eb2765b0 at C:\re\jdk7u79\2331\hotspot\src\share\vm\prims\jvm.cpp:1304
Event: 1.008 Thread 0x000000000a702800 Threw 0x00000000eb27a828 at C:\re\jdk7u79\2331\hotspot\src\share\vm\prims\jvm.cpp:1304
Event: 1.023 Thread 0x000000000a702800 Threw 0x00000000eb2a3438 at C:\re\jdk7u79\2331\hotspot\src\share\vm\prims\jvm.cpp:1304
Event: 1.038 Thread 0x000000000a702800 Threw 0x00000000eb2b00f0 at C:\re\jdk7u79\2331\hotspot\src\share\vm\prims\jvm.cpp:1304
Event: 1.051 Thread 0x0000000002111000 Threw 0x00000000eb321e70 at C:\re\jdk7u79\2331\hotspot\src\share\vm\prims\jvm.cpp:1304
Event: 1.222 Thread 0x0000000002111000 Threw 0x00000000eb4705f0 at C:\re\jdk7u79\2331\hotspot\src\share\vm\prims\jvm.cpp:1304
Event: 1.297 Thread 0x000000000a702800 Threw 0x00000000eb536bb8 at C:\re\jdk7u79\2331\hotspot\src\share\vm\prims\jvm.cpp:1304
Event: 1.456 Thread 0x000000000a702800 Implicit null exception at 0x0000000002293ac0 to 0x0000000002293e0d
Event: 2.412 Thread 0x000000000a82a800 Implicit null exception at 0x00000000022e731d to 0x00000000022e8125
Event: 2.831 Thread 0x000000000a6ff000 Threw 0x00000000eafb4f90 at C:\re\jdk7u79\2331\hotspot\src\share\vm\prims\jvm.cpp:1304

Events (10 events):
Event: 2.831 Thread 0x000000000a6ff000 DEOPT UNPACKING pc=0x00000000022475a4 sp=0x000000000b0cea80 mode 2
Event: 2.831 loading class 0x000000000a62b000
Event: 2.831 loading class 0x000000000a62b000 done
Event: 2.833 loading class 0x00000000021900b0
Event: 2.833 loading class 0x00000000021900b0 done
Event: 2.833 loading class 0x0000000002190080
Event: 2.833 loading class 0x0000000002190080 done
Event: 2.835 Thread 0x000000000a6ff000 Uncommon trap: trap_request=0xffffffad fr.pc=0x00000000022e10f8
Event: 2.835 Thread 0x000000000a6ff000 DEOPT PACKING pc=0x00000000022e10f8 sp=0x000000000b0ce970
Event: 2.835 Thread 0x000000000a6ff000 DEOPT UNPACKING pc=0x00000000022475a4 sp=0x000000000b0ce930 mode 2


Dynamic libraries:
0x00007ff792980000 - 0x00007ff7929b3000 	C:\Program Files\Java\jdk1.7.0_79\bin\java.exe
0x00007ff988930000 - 0x00007ff988af1000 	C:\WINDOWS\SYSTEM32\ntdll.dll
0x00007ff987ea0000 - 0x00007ff987f4d000 	C:\WINDOWS\system32\KERNEL32.DLL
0x00007ff985a80000 - 0x00007ff985c5d000 	C:\WINDOWS\system32\KERNELBASE.dll
0x00007ff9882c0000 - 0x00007ff988366000 	C:\WINDOWS\system32\ADVAPI32.dll
0x00007ff9880d0000 - 0x00007ff98816d000 	C:\WINDOWS\system32\msvcrt.dll
0x00007ff986000000 - 0x00007ff98605b000 	C:\WINDOWS\system32\sechost.dll
0x00007ff988430000 - 0x00007ff988556000 	C:\WINDOWS\system32\RPCRT4.dll
0x00007ff986060000 - 0x00007ff9861ae000 	C:\WINDOWS\system32\USER32.dll
0x00007ff987c50000 - 0x00007ff987dd6000 	C:\WINDOWS\system32\GDI32.dll
0x00007ff982460000 - 0x00007ff9826d4000 	C:\WINDOWS\WinSxS\amd64_microsoft.windows.common-controls_6595b64144ccf1df_6.0.10240.16384_none_f41f7b285750ef43\COMCTL32.dll
0x00007ff987b90000 - 0x00007ff987bc6000 	C:\WINDOWS\system32\IMM32.DLL
0x00007ff987f50000 - 0x00007ff9880ac000 	C:\WINDOWS\system32\MSCTF.dll
0x00000000711d0000 - 0x00000000712a2000 	C:\Program Files\Java\jdk1.7.0_79\jre\bin\msvcr100.dll
0x00000000717f0000 - 0x0000000071fc5000 	C:\Program Files\Java\jdk1.7.0_79\jre\bin\server\jvm.dll
0x00007ff987bd0000 - 0x00007ff987bd8000 	C:\WINDOWS\system32\PSAPI.DLL
0x00007ff981fa0000 - 0x00007ff981fa9000 	C:\WINDOWS\SYSTEM32\WSOCK32.dll
0x00007ff987b10000 - 0x00007ff987b79000 	C:\WINDOWS\system32\WS2_32.dll
0x00007ff988560000 - 0x00007ff988568000 	C:\WINDOWS\system32\NSI.dll
0x00007ff9835e0000 - 0x00007ff983603000 	C:\WINDOWS\SYSTEM32\WINMM.dll
0x00007ff9835b0000 - 0x00007ff9835dc000 	C:\WINDOWS\SYSTEM32\WINMMBASE.dll
0x00007ff985a30000 - 0x00007ff985a74000 	C:\WINDOWS\system32\cfgmgr32.dll
0x00007ff983c30000 - 0x00007ff983c57000 	C:\WINDOWS\SYSTEM32\DEVOBJ.dll
0x00000000717e0000 - 0x00000000717ef000 	C:\Program Files\Java\jdk1.7.0_79\jre\bin\verify.dll
0x00000000717b0000 - 0x00000000717d8000 	C:\Program Files\Java\jdk1.7.0_79\jre\bin\java.dll
0x0000000071790000 - 0x00000000717a5000 	C:\Program Files\Java\jdk1.7.0_79\jre\bin\zip.dll
0x0000000071770000 - 0x000000007178a000 	C:\Program Files\Java\jdk1.7.0_79\jre\bin\net.dll
0x00007ff984b70000 - 0x00007ff984bcd000 	C:\WINDOWS\system32\mswsock.dll
0x0000000071750000 - 0x0000000071761000 	C:\Program Files\Java\jdk1.7.0_79\jre\bin\nio.dll

VM Arguments:
jvm_args: -Xmx1024M -Dfile.encoding=windows-1252 -Duser.country=GB -Duser.language=en -Duser.variant 
java_command: com.android.dx.command.Main --dex --num-threads=4 --output F:\Data\Dropbox\AndroidStudioWorkspace\Test\jijo_driver\build\intermediates\pre-dexed\alpha\debug\classes-0e60af3bde6eb34e5ffa27de83dcc30dbe72ae17.jar F:\Data\Dropbox\AndroidStudioWorkspace\Test\jijo_driver\build\intermediates\exploded-aar\com.google.android.gms\play-services-fitness\8.1.0\jars\classes.jar
Launcher Type: SUN_STANDARD

Environment Variables:
PATH=C:\Program Files (x86)\HP SimplePass\x64;C:\Program Files (x86)\HP SimplePass\;C:\WINDOWS\system32;C:\WINDOWS;C:\WINDOWS\System32\Wbem;C:\WINDOWS\System32\WindowsPowerShell\v1.0\;C:\Program Files (x86)\ATI Technologies\ATI.ACE\Core-Static;C:\Program Files (x86)\AMD\ATI.ACE\Core-Static;C:\Program Files (x86)\Skype\Phone\;C:\Program Files (x86)\Windows Live\Shared
USERNAME=ctemkar
OS=Windows_NT
PROCESSOR_IDENTIFIER=Intel64 Family 6 Model 42 Stepping 7, GenuineIntel



---------------  S Y S T E M  ---------------

OS: Windows 8.1 , 64 bit Build 9600 

CPU:total 8 (4 cores per cpu, 2 threads per core) family 6 model 42 stepping 7, cmov, cx8, fxsr, mmx, sse, sse2, sse3, ssse3, sse4.1, sse4.2, popcnt, avx, aes, ht, tsc, tscinvbit

Memory: 4k page, physical 8335212k(1096688k free), swap 10955440k(8824k free)

vm_info: Java HotSpot(TM) 64-Bit Server VM (24.79-b02) for windows-amd64 JRE (1.7.0_79-b15), built on Apr 10 2015 12:36:16 by "java_re" with unknown MS VC++:1600

time: Sun Nov 01 23:03:20 2015
elapsed time: 2 seconds

