#
# There is insufficient memory for the Java Runtime Environment to continue.
# Native memory allocation (malloc) failed to allocate 32744 bytes for ChunkPool::allocate
# Possible reasons:
#   The system is out of physical RAM or swap space
#   In 32 bit mode, the process size limit was hit
# Possible solutions:
#   Reduce memory load on the system
#   Increase physical memory or swap space
#   Check if swap backing store is full
#   Use 64 bit Java on a 64 bit OS
#   Decrease Java heap size (-Xmx/-Xms)
#   Decrease number of Java threads
#   Decrease Java thread stack sizes (-Xss)
#   Set larger code cache with -XX:ReservedCodeCacheSize=
# This output file may be truncated or incomplete.
#
#  Out of Memory Error (allocation.cpp:211), pid=9244, tid=9392
#
# JRE version: Java(TM) SE Runtime Environment (7.0_79-b15) (build 1.7.0_79-b15)
# Java VM: Java HotSpot(TM) 64-Bit Server VM (24.79-b02 mixed mode windows-amd64 compressed oops)
# Failed to write core dump. Minidumps are not enabled by default on client versions of Windows
#

---------------  T H R E A D  ---------------

Current thread (0x000000000a541000):  JavaThread "C2 CompilerThread0" daemon [_thread_in_native, id=9392, stack(0x000000000ab20000,0x000000000ac20000)]

Stack: [0x000000000ab20000,0x000000000ac20000]
[error occurred during error reporting (printing stack bounds), id 0xc0000005]


[error occurred during error reporting (printing native stack), id 0xc0000005]


Current CompileTask:
C2:   1202   68             com.android.dx.rop.code.RopMethod::calcPredecessors (227 bytes)


---------------  P R O C E S S  ---------------

Java Threads: ( => current thread )
  0x000000000a6c4800 JavaThread "pool-1-thread-4" [_thread_in_Java, id=7960, stack(0x000000000b320000,0x000000000b420000)]
  0x000000000a712800 JavaThread "pool-1-thread-3" [_thread_in_Java, id=4920, stack(0x000000000b220000,0x000000000b320000)]
  0x000000000a67c000 JavaThread "pool-1-thread-2" [_thread_in_Java, id=1520, stack(0x000000000b120000,0x000000000b220000)]
  0x000000000a679000 JavaThread "pool-2-thread-1" [_thread_blocked, id=5832, stack(0x000000000b020000,0x000000000b120000)]
  0x000000000a575000 JavaThread "pool-1-thread-1" [_thread_in_Java, id=7892, stack(0x000000000af20000,0x000000000b020000)]
  0x0000000002249800 JavaThread "Service Thread" daemon [_thread_blocked, id=9816, stack(0x000000000ad20000,0x000000000ae20000)]
  0x0000000002247000 JavaThread "C2 CompilerThread1" daemon [_thread_in_native, id=8804, stack(0x000000000ac20000,0x000000000ad20000)]
=>0x000000000a541000 JavaThread "C2 CompilerThread0" daemon [_thread_in_native, id=9392, stack(0x000000000ab20000,0x000000000ac20000)]
  0x000000000223d000 JavaThread "Attach Listener" daemon [_thread_blocked, id=8736, stack(0x000000000aa20000,0x000000000ab20000)]
  0x000000000a540800 JavaThread "Signal Dispatcher" daemon [_thread_blocked, id=8636, stack(0x000000000a920000,0x000000000aa20000)]
  0x0000000008551000 JavaThread "Finalizer" daemon [_thread_blocked, id=8384, stack(0x000000000a420000,0x000000000a520000)]
  0x000000000854a800 JavaThread "Reference Handler" daemon [_thread_blocked, id=264, stack(0x000000000a320000,0x000000000a420000)]
  0x0000000002151000 JavaThread "main" [_thread_in_Java, id=2416, stack(0x0000000001e90000,0x0000000001f90000)]

Other Threads:
  0x0000000008545800 VMThread [stack: 0x000000000a220000,0x000000000a320000] [id=724]
  0x000000000224e000 WatcherThread [stack: 0x000000000ae20000,0x000000000af20000] [id=10000]

VM state:not at safepoint (normal execution)

VM Mutex/Monitor currently owned by a thread: None

Heap
 PSYoungGen      total 38400K, used 14240K [0x00000000eaa80000, 0x00000000ed500000, 0x0000000100000000)
  eden space 33280K, 42% used [0x00000000eaa80000,0x00000000eb868370,0x00000000ecb00000)
  from space 5120K, 0% used [0x00000000ed000000,0x00000000ed000000,0x00000000ed500000)
  to   space 5120K, 0% used [0x00000000ecb00000,0x00000000ecb00000,0x00000000ed000000)
 ParOldGen       total 86528K, used 0K [0x00000000c0000000, 0x00000000c5480000, 0x00000000eaa80000)
  object space 86528K, 0% used [0x00000000c0000000,0x00000000c0000000,0x00000000c5480000)
 PSPermGen       total 21504K, used 5510K [0x00000000bae00000, 0x00000000bc300000, 0x00000000c0000000)
  object space 21504K, 25% used [0x00000000bae00000,0x00000000bb361a78,0x00000000bc300000)

Card table byte_map: [0x0000000005310000,0x0000000005540000] byte_map_base: 0x0000000004d39000

Polling page: 0x0000000001df0000

Code Cache  [0x0000000002250000, 0x00000000024c0000, 0x0000000005250000)
 total_blobs=306 nmethods=69 adapters=189 free_code_cache=48664Kb largest_free_block=49802048

Compilation events (10 events):
Event: 1.192 Thread 0x0000000002247000 nmethod 63 0x00000000022c8250 code [0x00000000022c83c0, 0x00000000022c8838]
Event: 1.192 Thread 0x0000000002247000   67             java.util.AbstractList::<init> (10 bytes)
Event: 1.192 Thread 0x000000000a541000 nmethod 66 0x00000000022c7950 code [0x00000000022c7aa0, 0x00000000022c7c08]
Event: 1.192 Thread 0x000000000a541000   68             com.android.dx.rop.code.RopMethod::calcPredecessors (227 bytes)
Event: 1.192 Thread 0x0000000002247000 nmethod 67 0x00000000022c7750 code [0x00000000022c7880, 0x00000000022c78d8]
Event: 1.192 Thread 0x0000000002247000   69             com.android.dx.rop.code.BasicBlockList::get (9 bytes)
Event: 1.193 Thread 0x0000000002247000 nmethod 69 0x00000000022c7410 code [0x00000000022c7560, 0x00000000022c7618]
Event: 1.193 Thread 0x0000000002247000   70             com.android.dx.ssa.NormalSsaInsn::getOpcode (8 bytes)
Event: 1.194 Thread 0x0000000002247000 nmethod 70 0x00000000022c71d0 code [0x00000000022c7300, 0x00000000022c7378]
Event: 1.194 Thread 0x0000000002247000   71             com.android.dx.ssa.SsaMethod::computeReachability (131 bytes)

GC Heap History (0 events):
No events

Deoptimization events (0 events):
No events

Internal exceptions (10 events):
Event: 0.903 Thread 0x0000000002151000 Threw 0x00000000eb0494c0 at C:\re\jdk7u79\2331\hotspot\src\share\vm\prims\jvm.cpp:1304
Event: 0.904 Thread 0x0000000002151000 Threw 0x00000000eb04c828 at C:\re\jdk7u79\2331\hotspot\src\share\vm\prims\jvm.cpp:1304
Event: 0.904 Thread 0x0000000002151000 Threw 0x00000000eb04f460 at C:\re\jdk7u79\2331\hotspot\src\share\vm\prims\jvm.cpp:1304
Event: 0.904 Thread 0x0000000002151000 Threw 0x00000000eb052098 at C:\re\jdk7u79\2331\hotspot\src\share\vm\prims\jvm.cpp:1304
Event: 0.907 Thread 0x0000000002151000 Threw 0x00000000eb058f38 at C:\re\jdk7u79\2331\hotspot\src\share\vm\prims\jvm.cpp:1304
Event: 0.912 Thread 0x000000000a575000 Threw 0x00000000eb3164d8 at C:\re\jdk7u79\2331\hotspot\src\share\vm\prims\jvm.cpp:1304
Event: 0.922 Thread 0x0000000002151000 Threw 0x00000000eb3fb6d8 at C:\re\jdk7u79\2331\hotspot\src\share\vm\prims\jvm.cpp:1304
Event: 1.129 Thread 0x0000000002151000 Threw 0x00000000eb6029c0 at C:\re\jdk7u79\2331\hotspot\src\share\vm\prims\jvm.cpp:1304
Event: 1.132 Thread 0x000000000a67c000 Threw 0x00000000eb5776c8 at C:\re\jdk7u79\2331\hotspot\src\share\vm\prims\jvm.cpp:1304
Event: 1.195 Thread 0x000000000a712800 Threw 0x00000000eb744ad0 at C:\re\jdk7u79\2331\hotspot\src\share\vm\prims\jvm.cpp:1304

Events (10 events):
Event: 0.926 loading class 0x00000000021d5ff0
Event: 0.927 loading class 0x00000000021d5ff0 done
Event: 1.129 loading class 0x000000000a57d9b0
Event: 1.129 loading class 0x000000000a57d9b0 done
Event: 1.132 loading class 0x000000000a612210
Event: 1.132 loading class 0x000000000a612210 done
Event: 1.194 loading class 0x000000000a6e5b30
Event: 1.194 loading class 0x000000000a6e5b30 done
Event: 1.195 loading class 0x00000000021cf200
Event: 1.195 loading class 0x00000000021cf200 done


Dynamic libraries:
0x00007ff792980000 - 0x00007ff7929b3000 	C:\Program Files\Java\jdk1.7.0_79\bin\java.exe
0x00007ff988930000 - 0x00007ff988af1000 	C:\WINDOWS\SYSTEM32\ntdll.dll
0x00007ff987ea0000 - 0x00007ff987f4d000 	C:\WINDOWS\system32\KERNEL32.DLL
0x00007ff985a80000 - 0x00007ff985c5d000 	C:\WINDOWS\system32\KERNELBASE.dll
0x00007ff9882c0000 - 0x00007ff988366000 	C:\WINDOWS\system32\ADVAPI32.dll
0x00007ff9880d0000 - 0x00007ff98816d000 	C:\WINDOWS\system32\msvcrt.dll
0x00007ff986000000 - 0x00007ff98605b000 	C:\WINDOWS\system32\sechost.dll
0x00007ff988430000 - 0x00007ff988556000 	C:\WINDOWS\system32\RPCRT4.dll
0x00007ff986060000 - 0x00007ff9861ae000 	C:\WINDOWS\system32\USER32.dll
0x00007ff987c50000 - 0x00007ff987dd6000 	C:\WINDOWS\system32\GDI32.dll
0x00007ff982460000 - 0x00007ff9826d4000 	C:\WINDOWS\WinSxS\amd64_microsoft.windows.common-controls_6595b64144ccf1df_6.0.10240.16384_none_f41f7b285750ef43\COMCTL32.dll
0x00007ff987b90000 - 0x00007ff987bc6000 	C:\WINDOWS\system32\IMM32.DLL
0x00007ff987f50000 - 0x00007ff9880ac000 	C:\WINDOWS\system32\MSCTF.dll
0x00000000711d0000 - 0x00000000712a2000 	C:\Program Files\Java\jdk1.7.0_79\jre\bin\msvcr100.dll
0x00000000717f0000 - 0x0000000071fc5000 	C:\Program Files\Java\jdk1.7.0_79\jre\bin\server\jvm.dll
0x00007ff987bd0000 - 0x00007ff987bd8000 	C:\WINDOWS\system32\PSAPI.DLL
0x00007ff981fa0000 - 0x00007ff981fa9000 	C:\WINDOWS\SYSTEM32\WSOCK32.dll
0x00007ff987b10000 - 0x00007ff987b79000 	C:\WINDOWS\system32\WS2_32.dll
0x00007ff988560000 - 0x00007ff988568000 	C:\WINDOWS\system32\NSI.dll
0x00007ff9835e0000 - 0x00007ff983603000 	C:\WINDOWS\SYSTEM32\WINMM.dll
0x00007ff9835b0000 - 0x00007ff9835dc000 	C:\WINDOWS\SYSTEM32\WINMMBASE.dll
0x00007ff985a30000 - 0x00007ff985a74000 	C:\WINDOWS\system32\cfgmgr32.dll
0x00007ff983c30000 - 0x00007ff983c57000 	C:\WINDOWS\SYSTEM32\DEVOBJ.dll
0x00000000717e0000 - 0x00000000717ef000 	C:\Program Files\Java\jdk1.7.0_79\jre\bin\verify.dll
0x00000000717b0000 - 0x00000000717d8000 	C:\Program Files\Java\jdk1.7.0_79\jre\bin\java.dll
0x0000000071790000 - 0x00000000717a5000 	C:\Program Files\Java\jdk1.7.0_79\jre\bin\zip.dll
0x0000000071770000 - 0x000000007178a000 	C:\Program Files\Java\jdk1.7.0_79\jre\bin\net.dll
0x00007ff984b70000 - 0x00007ff984bcd000 	C:\WINDOWS\system32\mswsock.dll
0x0000000071750000 - 0x0000000071761000 	C:\Program Files\Java\jdk1.7.0_79\jre\bin\nio.dll

VM Arguments:
jvm_args: -Xmx1024M -Dfile.encoding=windows-1252 -Duser.country=GB -Duser.language=en -Duser.variant 
java_command: com.android.dx.command.Main --dex --num-threads=4 --output F:\Data\Dropbox\AndroidStudioWorkspace\Test\jijo_driver\build\intermediates\pre-dexed\alpha\debug\classes-5ad22b4871f9e3e0aade7a0297a3253cb752d0f6.jar F:\Data\Dropbox\AndroidStudioWorkspace\Test\jijo_driver\build\intermediates\exploded-aar\com.google.android.gms\play-services-safetynet\8.1.0\jars\classes.jar
Launcher Type: SUN_STANDARD

Environment Variables:
PATH=C:\Program Files (x86)\HP SimplePass\x64;C:\Program Files (x86)\HP SimplePass\;C:\WINDOWS\system32;C:\WINDOWS;C:\WINDOWS\System32\Wbem;C:\WINDOWS\System32\WindowsPowerShell\v1.0\;C:\Program Files (x86)\ATI Technologies\ATI.ACE\Core-Static;C:\Program Files (x86)\AMD\ATI.ACE\Core-Static;C:\Program Files (x86)\Skype\Phone\;C:\Program Files (x86)\Windows Live\Shared
USERNAME=ctemkar
OS=Windows_NT
PROCESSOR_IDENTIFIER=Intel64 Family 6 Model 42 Stepping 7, GenuineIntel



---------------  S Y S T E M  ---------------

OS: Windows 8.1 , 64 bit Build 9600 

CPU:total 8 (4 cores per cpu, 2 threads per core) family 6 model 42 stepping 7, cmov, cx8, fxsr, mmx, sse, sse2, sse3, ssse3, sse4.1, sse4.2, popcnt, avx, aes, ht, tsc, tscinvbit

Memory: 4k page, physical 8335212k(1360972k free), swap 10954124k(4096k free)

vm_info: Java HotSpot(TM) 64-Bit Server VM (24.79-b02) for windows-amd64 JRE (1.7.0_79-b15), built on Apr 10 2015 12:36:16 by "java_re" with unknown MS VC++:1600

time: Sun Nov 01 23:01:25 2015
elapsed time: 1 seconds

